
**** Build of configuration Debug for project I2C_Example ****

"C:\\ti\\ccsv5\\utils\\bin\\gmake" -k all 
gmake: Nothing to be done for `all'.

**** Build Finished ****

**** Build of configuration Debug for project I2C_Splat ****

"C:\\ti\\ccsv5\\utils\\bin\\gmake" -k all 
'Building file: ../TI_USCI_I2C_master.c'
'Invoking: MSP430 Compiler'
"C:/ti/ccsv5/tools/compiler/msp430_4.1.2/bin/cl430" -vmsp --abi=eabi -g --include_path="C:/ti/ccsv5/ccs_base/msp430/include" --include_path="C:/ti/ccsv5/tools/compiler/msp430_4.1.2/include" --advice:power=all --define=__MSP430G2553__ --diag_warning=225 --display_error_number --diag_wrap=off --printf_support=minimal --preproc_with_compile --preproc_dependency="TI_USCI_I2C_master.pp"  "../TI_USCI_I2C_master.c"
"../TI_USCI_I2C_master.c", line 100: remark #1527-D: (ULP 2.1) Detected SW delay loop using empty loop. Recommend using a timer module instead
"../TI_USCI_I2C_master.c", line 107: remark #1527-D: (ULP 2.1) Detected SW delay loop using empty loop. Recommend using a timer module instead
"../TI_USCI_I2C_master.c", line 143: remark #1527-D: (ULP 2.1) Detected SW delay loop using empty loop. Recommend using a timer module instead
'Finished building: ../TI_USCI_I2C_master.c'
' '
'Building file: ../main_recieve.c'
'Invoking: MSP430 Compiler'
"C:/ti/ccsv5/tools/compiler/msp430_4.1.2/bin/cl430" -vmsp --abi=eabi -g --include_path="C:/ti/ccsv5/ccs_base/msp430/include" --include_path="C:/ti/ccsv5/tools/compiler/msp430_4.1.2/include" --advice:power=all --define=__MSP430G2553__ --diag_warning=225 --display_error_number --diag_wrap=off --printf_support=minimal --preproc_with_compile --preproc_dependency="main_recieve.pp"  "../main_recieve.c"
"../main_recieve.c", line 27: warning #112-D: statement is unreachable
"../main_recieve.c", line 6: warning #179-D: variable "array" was declared but never referenced
"../main_recieve.c", line 18: remark #1527-D: (ULP 2.1) Detected SW delay loop using empty loop. Recommend using a timer module instead
"../main_recieve.c", line 21: remark #1527-D: (ULP 2.1) Detected SW delay loop using empty loop. Recommend using a timer module instead
"../main_recieve.c", line 6: remark #1535-D: (ULP 8.1) variable "array" is used as a constant. Recommend declaring variable as either 'static const' or 'const'
'Finished building: ../main_recieve.c'
' '
'Building file: ../main_transmit.c'
'Invoking: MSP430 Compiler'
"C:/ti/ccsv5/tools/compiler/msp430_4.1.2/bin/cl430" -vmsp --abi=eabi -g --include_path="C:/ti/ccsv5/ccs_base/msp430/include" --include_path="C:/ti/ccsv5/tools/compiler/msp430_4.1.2/include" --advice:power=all --define=__MSP430G2553__ --diag_warning=225 --display_error_number --diag_wrap=off --printf_support=minimal --preproc_with_compile --preproc_dependency="main_transmit.pp"  "../main_transmit.c"
"../main_transmit.c", line 23: remark #1527-D: (ULP 2.1) Detected SW delay loop using empty loop. Recommend using a timer module instead
"../main_transmit.c", line 23: remark #1538-D: (ULP 10.1) ISR Port_1 calls function TI_USCI_I2C_notready. Recommend moving function call away from ISR, or inlining the function, or using pragmas
"../main_transmit.c", line 24: remark #1538-D: (ULP 10.1) ISR Port_1 calls function TI_USCI_I2C_slave_present. Recommend moving function call away from ISR, or inlining the function, or using pragmas
"../main_transmit.c", line 25: remark #1527-D: (ULP 2.1) Detected SW delay loop using empty loop. Recommend using a timer module instead
"../main_transmit.c", line 25: remark #1538-D: (ULP 10.1) ISR Port_1 calls function TI_USCI_I2C_notready. Recommend moving function call away from ISR, or inlining the function, or using pragmas
"../main_transmit.c", line 26: remark #1538-D: (ULP 10.1) ISR Port_1 calls function TI_USCI_I2C_transmitinit. Recommend moving function call away from ISR, or inlining the function, or using pragmas
"../main_transmit.c", line 27: remark #1527-D: (ULP 2.1) Detected SW delay loop using empty loop. Recommend using a timer module instead
"../main_transmit.c", line 27: remark #1538-D: (ULP 10.1) ISR Port_1 calls function TI_USCI_I2C_notready. Recommend moving function call away from ISR, or inlining the function, or using pragmas
"../main_transmit.c", line 28: remark #1538-D: (ULP 10.1) ISR Port_1 calls function TI_USCI_I2C_transmit. Recommend moving function call away from ISR, or inlining the function, or using pragmas
'Finished building: ../main_transmit.c'
' '
'Building target: I2C_Splat.out'
'Invoking: MSP430 Linker'
"C:/ti/ccsv5/tools/compiler/msp430_4.1.2/bin/cl430" -vmsp --abi=eabi -g --advice:power=all --define=__MSP430G2553__ --diag_warning=225 --display_error_number --diag_wrap=off --printf_support=minimal -z --stack_size=80 -m"I2C_Splat.map" --heap_size=80 -i"C:/ti/ccsv5/ccs_base/msp430/include" -i"C:/ti/ccsv5/tools/compiler/msp430_4.1.2/lib" -i"C:/ti/ccsv5/tools/compiler/msp430_4.1.2/include" --reread_libs --warn_sections --display_error_number --diag_wrap=off --rom_model -o "I2C_Splat.out"  "./main_transmit.obj" "./main_recieve.obj" "./TI_USCI_I2C_master.obj" -l"libc.a" "../lnk_msp430g2553.cmd" 
<Linking>
remark #10372-D: (ULP 4.1) Detected uninitialized Port 2 in this project. Recommend initializing all unused ports to eliminate wasted current consumption on unused pins.
error #10056: symbol "main" redefined: first defined in "./main_transmit.obj"; redefined in "./main_recieve.obj"
"../lnk_msp430g2553.cmd", line 80: warning #10374-D: Interrupt vector "PORT2" does not have an interrupt handler routine.
remark #10372-D: (ULP 4.1) Detected uninitialized Port 3 in this project. Recommend initializing all unused ports to eliminate wasted current consumption on unused pins.
"../lnk_msp430g2553.cmd", line 82: warning #10374-D: Interrupt vector "ADC10" does not have an interrupt handler routine.
"../lnk_msp430g2553.cmd", line 85: warning #10374-D: Interrupt vector "TIMER0_A1" does not have an interrupt handler routine.

>> Compilation failure
"../lnk_msp430g2553.cmd", line 86: warning #10374-D: Interrupt vector "TIMER0_A0" does not have an interrupt handler routine.
"../lnk_msp430g2553.cmd", line 87: warning #10374-D: Interrupt vector "WDT" does not have an interrupt handler routine.
"../lnk_msp430g2553.cmd", line 88: warning #10374-D: Interrupt vector "COMPARATORA" does not have an interrupt handler routine.
"../lnk_msp430g2553.cmd", line 89: warning #10374-D: Interrupt vector "TIMER1_A1" does not have an interrupt handler routine.
"../lnk_msp430g2553.cmd", line 90: warning #10374-D: Interrupt vector "TIMER1_A0" does not have an interrupt handler routine.
"../lnk_msp430g2553.cmd", line 91: warning #10374-D: Interrupt vector "NMI" does not have an interrupt handler routine.
error #10010: errors encountered during linking; "I2C_Splat.out" not built
gmake: *** [I2C_Splat.out] Error 1
gmake: Target `all' not remade because of errors.

**** Build Finished ****

**** Clean-only build of configuration Debug for project I2C_Splat ****

"C:\\ti\\ccsv5\\utils\\bin\\gmake" -k clean 
DEL /F  "I2C_Splat.out"
Could Not Find C:\Users\Alex\Documents\GitHub\Splat-Hardware\I2C_Splat\Debug\I2C_Splat.out
DEL /F "TI_USCI_I2C_master.pp" "main_recieve.pp" "main_transmit.pp" 
DEL /F "TI_USCI_I2C_master.obj" "main_recieve.obj" "main_transmit.obj" 
'Finished clean'
' '

**** Build Finished ****

**** Build of configuration Debug for project I2C_Splat ****

"C:\\ti\\ccsv5\\utils\\bin\\gmake" -k all 
'Building file: ../TI_USCI_I2C_master.c'
'Invoking: MSP430 Compiler'
"C:/ti/ccsv5/tools/compiler/msp430_4.1.2/bin/cl430" -vmsp --abi=eabi -g --include_path="C:/ti/ccsv5/ccs_base/msp430/include" --include_path="C:/ti/ccsv5/tools/compiler/msp430_4.1.2/include" --advice:power=all --define=__MSP430G2553__ --diag_warning=225 --display_error_number --diag_wrap=off --printf_support=minimal --preproc_with_compile --preproc_dependency="TI_USCI_I2C_master.pp"  "../TI_USCI_I2C_master.c"
"../TI_USCI_I2C_master.c", line 100: remark #1527-D: (ULP 2.1) Detected SW delay loop using empty loop. Recommend using a timer module instead
"../TI_USCI_I2C_master.c", line 107: remark #1527-D: (ULP 2.1) Detected SW delay loop using empty loop. Recommend using a timer module instead
"../TI_USCI_I2C_master.c", line 143: remark #1527-D: (ULP 2.1) Detected SW delay loop using empty loop. Recommend using a timer module instead
'Finished building: ../TI_USCI_I2C_master.c'
' '
'Building file: ../main_transmit.c'
'Invoking: MSP430 Compiler'
"C:/ti/ccsv5/tools/compiler/msp430_4.1.2/bin/cl430" -vmsp --abi=eabi -g --include_path="C:/ti/ccsv5/ccs_base/msp430/include" --include_path="C:/ti/ccsv5/tools/compiler/msp430_4.1.2/include" --advice:power=all --define=__MSP430G2553__ --diag_warning=225 --display_error_number --diag_wrap=off --printf_support=minimal --preproc_with_compile --preproc_dependency="main_transmit.pp"  "../main_transmit.c"
"../main_transmit.c", line 23: remark #1527-D: (ULP 2.1) Detected SW delay loop using empty loop. Recommend using a timer module instead
"../main_transmit.c", line 23: remark #1538-D: (ULP 10.1) ISR Port_1 calls function TI_USCI_I2C_notready. Recommend moving function call away from ISR, or inlining the function, or using pragmas
"../main_transmit.c", line 24: remark #1538-D: (ULP 10.1) ISR Port_1 calls function TI_USCI_I2C_slave_present. Recommend moving function call away from ISR, or inlining the function, or using pragmas
"../main_transmit.c", line 25: remark #1527-D: (ULP 2.1) Detected SW delay loop using empty loop. Recommend using a timer module instead
"../main_transmit.c", line 25: remark #1538-D: (ULP 10.1) ISR Port_1 calls function TI_USCI_I2C_notready. Recommend moving function call away from ISR, or inlining the function, or using pragmas
"../main_transmit.c", line 26: remark #1538-D: (ULP 10.1) ISR Port_1 calls function TI_USCI_I2C_transmitinit. Recommend moving function call away from ISR, or inlining the function, or using pragmas
"../main_transmit.c", line 27: remark #1527-D: (ULP 2.1) Detected SW delay loop using empty loop. Recommend using a timer module instead
"../main_transmit.c", line 27: remark #1538-D: (ULP 10.1) ISR Port_1 calls function TI_USCI_I2C_notready. Recommend moving function call away from ISR, or inlining the function, or using pragmas
"../main_transmit.c", line 28: remark #1538-D: (ULP 10.1) ISR Port_1 calls function TI_USCI_I2C_transmit. Recommend moving function call away from ISR, or inlining the function, or using pragmas
'Finished building: ../main_transmit.c'
' '
'Building target: I2C_Splat.out'
'Invoking: MSP430 Linker'
"C:/ti/ccsv5/tools/compiler/msp430_4.1.2/bin/cl430" -vmsp --abi=eabi -g --advice:power=all --define=__MSP430G2553__ --diag_warning=225 --display_error_number --diag_wrap=off --printf_support=minimal -z --stack_size=80 -m"I2C_Splat.map" --heap_size=80 -i"C:/ti/ccsv5/ccs_base/msp430/include" -i"C:/ti/ccsv5/tools/compiler/msp430_4.1.2/lib" -i"C:/ti/ccsv5/tools/compiler/msp430_4.1.2/include" --reread_libs --warn_sections --display_error_number --diag_wrap=off --rom_model -o "I2C_Splat.out"  "./main_transmit.obj" "./TI_USCI_I2C_master.obj" -l"libc.a" "../lnk_msp430g2553.cmd" 
<Linking>
remark #10372-D: (ULP 4.1) Detected uninitialized Port 2 in this project. Recommend initializing all unused ports to eliminate wasted current consumption on unused pins.
"../lnk_msp430g2553.cmd", line 80: warning #10374-D: Interrupt vector "PORT2" does not have an interrupt handler routine.
remark #10372-D: (ULP 4.1) Detected uninitialized Port 3 in this project. Recommend initializing all unused ports to eliminate wasted current consumption on unused pins.
"../lnk_msp430g2553.cmd", line 82: warning #10374-D: Interrupt vector "ADC10" does not have an interrupt handler routine.
"../lnk_msp430g2553.cmd", line 85: warning #10374-D: Interrupt vector "TIMER0_A1" does not have an interrupt handler routine.
"../lnk_msp430g2553.cmd", line 86: warning #10374-D: Interrupt vector "TIMER0_A0" does not have an interrupt handler routine.
"../lnk_msp430g2553.cmd", line 87: warning #10374-D: Interrupt vector "WDT" does not have an interrupt handler routine.
"../lnk_msp430g2553.cmd", line 88: warning #10374-D: Interrupt vector "COMPARATORA" does not have an interrupt handler routine.
"../lnk_msp430g2553.cmd", line 89: warning #10374-D: Interrupt vector "TIMER1_A1" does not have an interrupt handler routine.
"../lnk_msp430g2553.cmd", line 90: warning #10374-D: Interrupt vector "TIMER1_A0" does not have an interrupt handler routine.
"../lnk_msp430g2553.cmd", line 91: warning #10374-D: Interrupt vector "NMI" does not have an interrupt handler routine.
'Finished building target: I2C_Splat.out'
' '

**** Build Finished ****

**** Clean-only build of configuration Debug for project I2C_Splat ****

"C:\\ti\\ccsv5\\utils\\bin\\gmake" -k clean 
DEL /F  "I2C_Splat.out"
DEL /F "TI_USCI_I2C_master.pp" "main_transmit.pp" 
DEL /F "TI_USCI_I2C_master.obj" "main_transmit.obj" 
'Finished clean'
' '

**** Build Finished ****

**** Build of configuration Debug for project I2C_Splat ****

"C:\\ti\\ccsv5\\utils\\bin\\gmake" -k all 
'Building file: ../TI_USCI_I2C_master.c'
'Invoking: MSP430 Compiler'
"C:/ti/ccsv5/tools/compiler/msp430_4.1.2/bin/cl430" -vmsp --abi=eabi -g --include_path="C:/ti/ccsv5/ccs_base/msp430/include" --include_path="C:/ti/ccsv5/tools/compiler/msp430_4.1.2/include" --advice:power=all --define=__MSP430G2553__ --diag_warning=225 --display_error_number --diag_wrap=off --printf_support=minimal --preproc_with_compile --preproc_dependency="TI_USCI_I2C_master.pp"  "../TI_USCI_I2C_master.c"
"../TI_USCI_I2C_master.c", line 100: remark #1527-D: (ULP 2.1) Detected SW delay loop using empty loop. Recommend using a timer module instead
"../TI_USCI_I2C_master.c", line 107: remark #1527-D: (ULP 2.1) Detected SW delay loop using empty loop. Recommend using a timer module instead
"../TI_USCI_I2C_master.c", line 143: remark #1527-D: (ULP 2.1) Detected SW delay loop using empty loop. Recommend using a timer module instead
'Finished building: ../TI_USCI_I2C_master.c'
' '
'Building file: ../main_recieve.c'
'Invoking: MSP430 Compiler'
"C:/ti/ccsv5/tools/compiler/msp430_4.1.2/bin/cl430" -vmsp --abi=eabi -g --include_path="C:/ti/ccsv5/ccs_base/msp430/include" --include_path="C:/ti/ccsv5/tools/compiler/msp430_4.1.2/include" --advice:power=all --define=__MSP430G2553__ --diag_warning=225 --display_error_number --diag_wrap=off --printf_support=minimal --preproc_with_compile --preproc_dependency="main_recieve.pp"  "../main_recieve.c"
"../main_recieve.c", line 26: warning #112-D: statement is unreachable
"../main_recieve.c", line 17: remark #1527-D: (ULP 2.1) Detected SW delay loop using empty loop. Recommend using a timer module instead
"../main_recieve.c", line 20: remark #1527-D: (ULP 2.1) Detected SW delay loop using empty loop. Recommend using a timer module instead
'Finished building: ../main_recieve.c'
' '
'Building target: I2C_Splat.out'
'Invoking: MSP430 Linker'
"C:/ti/ccsv5/tools/compiler/msp430_4.1.2/bin/cl430" -vmsp --abi=eabi -g --advice:power=all --define=__MSP430G2553__ --diag_warning=225 --display_error_number --diag_wrap=off --printf_support=minimal -z --stack_size=80 -m"I2C_Splat.map" --heap_size=80 -i"C:/ti/ccsv5/ccs_base/msp430/include" -i"C:/ti/ccsv5/tools/compiler/msp430_4.1.2/lib" -i"C:/ti/ccsv5/tools/compiler/msp430_4.1.2/include" --reread_libs --warn_sections --display_error_number --diag_wrap=off --rom_model -o "I2C_Splat.out"  "./main_recieve.obj" "./TI_USCI_I2C_master.obj" -l"libc.a" "../lnk_msp430g2553.cmd" 
<Linking>
remark #10372-D: (ULP 4.1) Detected uninitialized Port 2 in this project. Recommend initializing all unused ports to eliminate wasted current consumption on unused pins.
remark #10372-D: (ULP 4.1) Detected uninitialized Port 3 in this project. Recommend initializing all unused ports to eliminate wasted current consumption on unused pins.
"../lnk_msp430g2553.cmd", line 79: warning #10374-D: Interrupt vector "PORT1" does not have an interrupt handler routine.
"../lnk_msp430g2553.cmd", line 80: warning #10374-D: Interrupt vector "PORT2" does not have an interrupt handler routine.
"../lnk_msp430g2553.cmd", line 82: warning #10374-D: Interrupt vector "ADC10" does not have an interrupt handler routine.
"../lnk_msp430g2553.cmd", line 85: warning #10374-D: Interrupt vector "TIMER0_A1" does not have an interrupt handler routine.
"../lnk_msp430g2553.cmd", line 86: warning #10374-D: Interrupt vector "TIMER0_A0" does not have an interrupt handler routine.
"../lnk_msp430g2553.cmd", line 87: warning #10374-D: Interrupt vector "WDT" does not have an interrupt handler routine.
"../lnk_msp430g2553.cmd", line 88: warning #10374-D: Interrupt vector "COMPARATORA" does not have an interrupt handler routine.
"../lnk_msp430g2553.cmd", line 89: warning #10374-D: Interrupt vector "TIMER1_A1" does not have an interrupt handler routine.
"../lnk_msp430g2553.cmd", line 90: warning #10374-D: Interrupt vector "TIMER1_A0" does not have an interrupt handler routine.
"../lnk_msp430g2553.cmd", line 91: warning #10374-D: Interrupt vector "NMI" does not have an interrupt handler routine.
'Finished building target: I2C_Splat.out'
' '

**** Build Finished ****

**** Build of configuration Debug for project I2C_Splat ****

"C:\\ti\\ccsv5\\utils\\bin\\gmake" -k all 
'Building file: ../main_recieve.c'
'Invoking: MSP430 Compiler'
"C:/ti/ccsv5/tools/compiler/msp430_4.1.2/bin/cl430" -vmsp --abi=eabi -g --include_path="C:/ti/ccsv5/ccs_base/msp430/include" --include_path="C:/ti/ccsv5/tools/compiler/msp430_4.1.2/include" --advice:power=all --define=__MSP430G2553__ --diag_warning=225 --display_error_number --diag_wrap=off --printf_support=minimal --preproc_with_compile --preproc_dependency="main_recieve.pp"  "../main_recieve.c"
"../main_recieve.c", line 26: warning #112-D: statement is unreachable
"../main_recieve.c", line 17: remark #1527-D: (ULP 2.1) Detected SW delay loop using empty loop. Recommend using a timer module instead
"../main_recieve.c", line 20: remark #1527-D: (ULP 2.1) Detected SW delay loop using empty loop. Recommend using a timer module instead
'Finished building: ../main_recieve.c'
' '
'Building target: I2C_Splat.out'
'Invoking: MSP430 Linker'
"C:/ti/ccsv5/tools/compiler/msp430_4.1.2/bin/cl430" -vmsp --abi=eabi -g --advice:power=all --define=__MSP430G2553__ --diag_warning=225 --display_error_number --diag_wrap=off --printf_support=minimal -z --stack_size=80 -m"I2C_Splat.map" --heap_size=80 -i"C:/ti/ccsv5/ccs_base/msp430/include" -i"C:/ti/ccsv5/tools/compiler/msp430_4.1.2/lib" -i"C:/ti/ccsv5/tools/compiler/msp430_4.1.2/include" --reread_libs --warn_sections --display_error_number --diag_wrap=off --rom_model -o "I2C_Splat.out"  "./main_recieve.obj" "./TI_USCI_I2C_master.obj" -l"libc.a" "../lnk_msp430g2553.cmd" 
<Linking>
remark #10372-D: (ULP 4.1) Detected uninitialized Port 2 in this project. Recommend initializing all unused ports to eliminate wasted current consumption on unused pins.
remark #10372-D: (ULP 4.1) Detected uninitialized Port 3 in this project. Recommend initializing all unused ports to eliminate wasted current consumption on unused pins.
"../lnk_msp430g2553.cmd", line 79: warning #10374-D: Interrupt vector "PORT1" does not have an interrupt handler routine.
"../lnk_msp430g2553.cmd", line 80: warning #10374-D: Interrupt vector "PORT2" does not have an interrupt handler routine.
"../lnk_msp430g2553.cmd", line 82: warning #10374-D: Interrupt vector "ADC10" does not have an interrupt handler routine.
"../lnk_msp430g2553.cmd", line 85: warning #10374-D: Interrupt vector "TIMER0_A1" does not have an interrupt handler routine.
"../lnk_msp430g2553.cmd", line 86: warning #10374-D: Interrupt vector "TIMER0_A0" does not have an interrupt handler routine.
"../lnk_msp430g2553.cmd", line 87: warning #10374-D: Interrupt vector "WDT" does not have an interrupt handler routine.
"../lnk_msp430g2553.cmd", line 88: warning #10374-D: Interrupt vector "COMPARATORA" does not have an interrupt handler routine.
"../lnk_msp430g2553.cmd", line 89: warning #10374-D: Interrupt vector "TIMER1_A1" does not have an interrupt handler routine.
"../lnk_msp430g2553.cmd", line 90: warning #10374-D: Interrupt vector "TIMER1_A0" does not have an interrupt handler routine.
"../lnk_msp430g2553.cmd", line 91: warning #10374-D: Interrupt vector "NMI" does not have an interrupt handler routine.
'Finished building target: I2C_Splat.out'
' '

**** Build Finished ****
